<?xml version="1.0" encoding="UTF-8"?>
<testsuite name="com.parkinglot.ParkingLotTest" tests="1" skipped="1" failures="0" errors="0" timestamp="2019-12-28T11:46:20" hostname="admin1-desktop" time="14.806">
  <properties/>
  <testcase name="givenParkingLot_FindDriversCar_IfFoundUnparkIt" classname="com.parkinglot.ParkingLotTest" time="14.806">
    <skipped/>
  </testcase>
  <system-out><![CDATA[]]></system-out>
  <system-err><![CDATA[]]></system-err>
</testsuite>
